22-May-2017 18:37:13.096 INFO [main] org.apache.catalina.startup.VersionLoggerListener.log Server version:        Apache Tomcat/8.5.15
22-May-2017 18:37:13.103 INFO [main] org.apache.catalina.startup.VersionLoggerListener.log Server built:          May 5 2017 11:03:04 UTC
22-May-2017 18:37:13.103 INFO [main] org.apache.catalina.startup.VersionLoggerListener.log Server number:         8.5.15.0
22-May-2017 18:37:13.104 INFO [main] org.apache.catalina.startup.VersionLoggerListener.log OS Name:               Mac OS X
22-May-2017 18:37:13.104 INFO [main] org.apache.catalina.startup.VersionLoggerListener.log OS Version:            10.12.4
22-May-2017 18:37:13.104 INFO [main] org.apache.catalina.startup.VersionLoggerListener.log Architecture:          x86_64
22-May-2017 18:37:13.104 INFO [main] org.apache.catalina.startup.VersionLoggerListener.log Java Home:             /Library/Java/JavaVirtualMachines/jdk1.8.0_131.jdk/Contents/Home/jre
22-May-2017 18:37:13.104 INFO [main] org.apache.catalina.startup.VersionLoggerListener.log JVM Version:           1.8.0_131-b11
22-May-2017 18:37:13.104 INFO [main] org.apache.catalina.startup.VersionLoggerListener.log JVM Vendor:            Oracle Corporation
22-May-2017 18:37:13.104 INFO [main] org.apache.catalina.startup.VersionLoggerListener.log CATALINA_BASE:         /Users/zemian/src/mytomcat
22-May-2017 18:37:13.105 INFO [main] org.apache.catalina.startup.VersionLoggerListener.log CATALINA_HOME:         /Users/zemian/apps/apache-tomcat-8.5.15
22-May-2017 18:37:13.105 INFO [main] org.apache.catalina.startup.VersionLoggerListener.log Command line argument: -Djava.util.logging.config.file=/Users/zemian/src/mytomcat/conf/logging.properties
22-May-2017 18:37:13.106 INFO [main] org.apache.catalina.startup.VersionLoggerListener.log Command line argument: -Djava.util.logging.manager=org.apache.juli.ClassLoaderLogManager
22-May-2017 18:37:13.106 INFO [main] org.apache.catalina.startup.VersionLoggerListener.log Command line argument: -Djdk.tls.ephemeralDHKeySize=2048
22-May-2017 18:37:13.106 INFO [main] org.apache.catalina.startup.VersionLoggerListener.log Command line argument: -Djava.protocol.handler.pkgs=org.apache.catalina.webresources
22-May-2017 18:37:13.106 INFO [main] org.apache.catalina.startup.VersionLoggerListener.log Command line argument: -Dcatalina.base=/Users/zemian/src/mytomcat
22-May-2017 18:37:13.106 INFO [main] org.apache.catalina.startup.VersionLoggerListener.log Command line argument: -Dcatalina.home=/Users/zemian/apps/apache-tomcat
22-May-2017 18:37:13.106 INFO [main] org.apache.catalina.startup.VersionLoggerListener.log Command line argument: -Djava.io.tmpdir=/Users/zemian/src/mytomcat/temp
22-May-2017 18:37:13.107 INFO [main] org.apache.catalina.core.AprLifecycleListener.lifecycleEvent The APR based Apache Tomcat Native library which allows optimal performance in production environments was not found on the java.library.path: [/Users/zemian/Library/Java/Extensions:/Library/Java/Extensions:/Network/Library/Java/Extensions:/System/Library/Java/Extensions:/usr/lib/java:.]
22-May-2017 18:37:13.348 INFO [main] org.apache.coyote.AbstractProtocol.init Initializing ProtocolHandler ["http-nio-8080"]
22-May-2017 18:37:13.397 INFO [main] org.apache.tomcat.util.net.NioSelectorPool.getSharedSelector Using a shared selector for servlet write/read
22-May-2017 18:37:13.401 INFO [main] org.apache.coyote.AbstractProtocol.init Initializing ProtocolHandler ["ajp-nio-8009"]
22-May-2017 18:37:13.402 INFO [main] org.apache.tomcat.util.net.NioSelectorPool.getSharedSelector Using a shared selector for servlet write/read
22-May-2017 18:37:13.403 INFO [main] org.apache.catalina.startup.Catalina.load Initialization processed in 953 ms
22-May-2017 18:37:13.450 INFO [main] org.apache.catalina.core.StandardService.startInternal Starting service [Catalina]
22-May-2017 18:37:13.450 INFO [main] org.apache.catalina.core.StandardEngine.startInternal Starting Servlet Engine: Apache Tomcat/8.5.15
22-May-2017 18:37:13.463 INFO [localhost-startStop-1] org.apache.catalina.startup.HostConfig.deployDirectory Deploying web application directory [/Users/zemian/src/mytomcat/webapps/examples]
22-May-2017 18:37:14.234 INFO [localhost-startStop-1] org.apache.catalina.startup.HostConfig.deployDirectory Deployment of web application directory [/Users/zemian/src/mytomcat/webapps/examples] has finished in [771] ms
22-May-2017 18:37:14.235 INFO [localhost-startStop-1] org.apache.catalina.startup.HostConfig.deployDirectory Deploying web application directory [/Users/zemian/src/mytomcat/webapps/manager]
22-May-2017 18:37:14.266 INFO [localhost-startStop-1] org.apache.catalina.startup.HostConfig.deployDirectory Deployment of web application directory [/Users/zemian/src/mytomcat/webapps/manager] has finished in [31] ms
22-May-2017 18:37:14.266 INFO [localhost-startStop-1] org.apache.catalina.startup.HostConfig.deployDirectory Deploying web application directory [/Users/zemian/src/mytomcat/webapps/ROOT]
22-May-2017 18:37:14.289 INFO [localhost-startStop-1] org.apache.catalina.startup.HostConfig.deployDirectory Deployment of web application directory [/Users/zemian/src/mytomcat/webapps/ROOT] has finished in [23] ms
22-May-2017 18:37:14.293 INFO [main] org.apache.coyote.AbstractProtocol.start Starting ProtocolHandler ["http-nio-8080"]
22-May-2017 18:37:14.310 INFO [main] org.apache.coyote.AbstractProtocol.start Starting ProtocolHandler ["ajp-nio-8009"]
22-May-2017 18:37:14.314 INFO [main] org.apache.catalina.startup.Catalina.start Server startup in 910 ms
22-May-2017 19:50:34.506 INFO [Thread-5] org.apache.coyote.AbstractProtocol.pause Pausing ProtocolHandler ["http-nio-8080"]
22-May-2017 19:50:34.517 INFO [Thread-5] org.apache.coyote.AbstractProtocol.pause Pausing ProtocolHandler ["ajp-nio-8009"]
22-May-2017 19:50:34.569 INFO [Thread-5] org.apache.catalina.core.StandardService.stopInternal Stopping service [Catalina]
22-May-2017 19:50:34.610 INFO [Thread-5] org.apache.coyote.AbstractProtocol.stop Stopping ProtocolHandler ["http-nio-8080"]
22-May-2017 19:50:34.613 INFO [Thread-5] org.apache.coyote.AbstractProtocol.stop Stopping ProtocolHandler ["ajp-nio-8009"]
22-May-2017 19:50:34.617 INFO [Thread-5] org.apache.coyote.AbstractProtocol.destroy Destroying ProtocolHandler ["http-nio-8080"]
22-May-2017 19:50:34.618 INFO [Thread-5] org.apache.coyote.AbstractProtocol.destroy Destroying ProtocolHandler ["ajp-nio-8009"]
22-May-2017 19:54:29.507 INFO [main] org.apache.catalina.startup.VersionLoggerListener.log Server version:        Apache Tomcat/8.5.15
22-May-2017 19:54:29.511 INFO [main] org.apache.catalina.startup.VersionLoggerListener.log Server built:          May 5 2017 11:03:04 UTC
22-May-2017 19:54:29.512 INFO [main] org.apache.catalina.startup.VersionLoggerListener.log Server number:         8.5.15.0
22-May-2017 19:54:29.512 INFO [main] org.apache.catalina.startup.VersionLoggerListener.log OS Name:               Mac OS X
22-May-2017 19:54:29.512 INFO [main] org.apache.catalina.startup.VersionLoggerListener.log OS Version:            10.12.4
22-May-2017 19:54:29.513 INFO [main] org.apache.catalina.startup.VersionLoggerListener.log Architecture:          x86_64
22-May-2017 19:54:29.513 INFO [main] org.apache.catalina.startup.VersionLoggerListener.log Java Home:             /Library/Java/JavaVirtualMachines/jdk1.8.0_131.jdk/Contents/Home/jre
22-May-2017 19:54:29.513 INFO [main] org.apache.catalina.startup.VersionLoggerListener.log JVM Version:           1.8.0_131-b11
22-May-2017 19:54:29.514 INFO [main] org.apache.catalina.startup.VersionLoggerListener.log JVM Vendor:            Oracle Corporation
22-May-2017 19:54:29.514 INFO [main] org.apache.catalina.startup.VersionLoggerListener.log CATALINA_BASE:         /Users/zemian/src/mytomcat
22-May-2017 19:54:29.514 INFO [main] org.apache.catalina.startup.VersionLoggerListener.log CATALINA_HOME:         /Users/zemian/apps/apache-tomcat-8.5.15
22-May-2017 19:54:29.515 INFO [main] org.apache.catalina.startup.VersionLoggerListener.log Command line argument: -Djava.util.logging.config.file=/Users/zemian/src/mytomcat/conf/logging.properties
22-May-2017 19:54:29.515 INFO [main] org.apache.catalina.startup.VersionLoggerListener.log Command line argument: -Djava.util.logging.manager=org.apache.juli.ClassLoaderLogManager
22-May-2017 19:54:29.515 INFO [main] org.apache.catalina.startup.VersionLoggerListener.log Command line argument: -Djdk.tls.ephemeralDHKeySize=2048
22-May-2017 19:54:29.516 INFO [main] org.apache.catalina.startup.VersionLoggerListener.log Command line argument: -Djava.protocol.handler.pkgs=org.apache.catalina.webresources
22-May-2017 19:54:29.516 INFO [main] org.apache.catalina.startup.VersionLoggerListener.log Command line argument: -Dcatalina.base=/Users/zemian/src/mytomcat
22-May-2017 19:54:29.516 INFO [main] org.apache.catalina.startup.VersionLoggerListener.log Command line argument: -Dcatalina.home=/Users/zemian/apps/apache-tomcat
22-May-2017 19:54:29.517 INFO [main] org.apache.catalina.startup.VersionLoggerListener.log Command line argument: -Djava.io.tmpdir=/Users/zemian/src/mytomcat/temp
22-May-2017 19:54:29.517 INFO [main] org.apache.catalina.core.AprLifecycleListener.lifecycleEvent The APR based Apache Tomcat Native library which allows optimal performance in production environments was not found on the java.library.path: [/Users/zemian/Library/Java/Extensions:/Library/Java/Extensions:/Network/Library/Java/Extensions:/System/Library/Java/Extensions:/usr/lib/java:.]
22-May-2017 19:54:29.688 INFO [main] org.apache.coyote.AbstractProtocol.init Initializing ProtocolHandler ["http-nio-8080"]
22-May-2017 19:54:29.721 INFO [main] org.apache.tomcat.util.net.NioSelectorPool.getSharedSelector Using a shared selector for servlet write/read
22-May-2017 19:54:29.724 INFO [main] org.apache.coyote.AbstractProtocol.init Initializing ProtocolHandler ["ajp-nio-8009"]
22-May-2017 19:54:29.726 INFO [main] org.apache.tomcat.util.net.NioSelectorPool.getSharedSelector Using a shared selector for servlet write/read
22-May-2017 19:54:29.727 INFO [main] org.apache.catalina.startup.Catalina.load Initialization processed in 689 ms
22-May-2017 19:54:29.767 INFO [main] org.apache.catalina.core.StandardService.startInternal Starting service [Catalina]
22-May-2017 19:54:29.768 INFO [main] org.apache.catalina.core.StandardEngine.startInternal Starting Servlet Engine: Apache Tomcat/8.5.15
22-May-2017 19:54:29.782 INFO [localhost-startStop-1] org.apache.catalina.startup.HostConfig.deployDirectory Deploying web application directory [/Users/zemian/src/mytomcat/webapps/examples]
22-May-2017 19:54:30.450 INFO [localhost-startStop-1] org.apache.jasper.servlet.TldScanner.scanJars At least one JAR was scanned for TLDs yet contained no TLDs. Enable debug logging for this logger for a complete list of JARs that were scanned but no TLDs were found in them. Skipping unneeded JARs during scanning can improve startup time and JSP compilation time.
22-May-2017 19:54:30.667 INFO [localhost-startStop-1] org.apache.catalina.startup.HostConfig.deployDirectory Deployment of web application directory [/Users/zemian/src/mytomcat/webapps/examples] has finished in [884] ms
22-May-2017 19:54:30.668 INFO [localhost-startStop-1] org.apache.catalina.startup.HostConfig.deployDirectory Deploying web application directory [/Users/zemian/src/mytomcat/webapps/manager]
22-May-2017 19:54:30.782 INFO [localhost-startStop-1] org.apache.jasper.servlet.TldScanner.scanJars At least one JAR was scanned for TLDs yet contained no TLDs. Enable debug logging for this logger for a complete list of JARs that were scanned but no TLDs were found in them. Skipping unneeded JARs during scanning can improve startup time and JSP compilation time.
22-May-2017 19:54:30.787 INFO [localhost-startStop-1] org.apache.catalina.startup.HostConfig.deployDirectory Deployment of web application directory [/Users/zemian/src/mytomcat/webapps/manager] has finished in [119] ms
22-May-2017 19:54:30.787 INFO [localhost-startStop-1] org.apache.catalina.startup.HostConfig.deployDirectory Deploying web application directory [/Users/zemian/src/mytomcat/webapps/ROOT]
22-May-2017 19:54:30.887 INFO [localhost-startStop-1] org.apache.jasper.servlet.TldScanner.scanJars At least one JAR was scanned for TLDs yet contained no TLDs. Enable debug logging for this logger for a complete list of JARs that were scanned but no TLDs were found in them. Skipping unneeded JARs during scanning can improve startup time and JSP compilation time.
22-May-2017 19:54:30.889 INFO [localhost-startStop-1] org.apache.catalina.startup.HostConfig.deployDirectory Deployment of web application directory [/Users/zemian/src/mytomcat/webapps/ROOT] has finished in [102] ms
22-May-2017 19:54:30.892 INFO [main] org.apache.coyote.AbstractProtocol.start Starting ProtocolHandler ["http-nio-8080"]
22-May-2017 19:54:30.898 INFO [main] org.apache.coyote.AbstractProtocol.start Starting ProtocolHandler ["ajp-nio-8009"]
22-May-2017 19:54:30.900 INFO [main] org.apache.catalina.startup.Catalina.start Server startup in 1172 ms
22-May-2017 20:20:44.923 INFO [Thread-5] org.apache.coyote.AbstractProtocol.pause Pausing ProtocolHandler ["http-nio-8080"]
22-May-2017 20:20:44.932 INFO [Thread-5] org.apache.coyote.AbstractProtocol.pause Pausing ProtocolHandler ["ajp-nio-8009"]
22-May-2017 20:20:44.984 INFO [Thread-5] org.apache.catalina.core.StandardService.stopInternal Stopping service [Catalina]
22-May-2017 20:20:45.011 INFO [Thread-5] org.apache.coyote.AbstractProtocol.stop Stopping ProtocolHandler ["http-nio-8080"]
22-May-2017 20:20:45.015 INFO [Thread-5] org.apache.coyote.AbstractProtocol.stop Stopping ProtocolHandler ["ajp-nio-8009"]
22-May-2017 20:20:45.017 INFO [Thread-5] org.apache.coyote.AbstractProtocol.destroy Destroying ProtocolHandler ["http-nio-8080"]
22-May-2017 20:20:45.018 INFO [Thread-5] org.apache.coyote.AbstractProtocol.destroy Destroying ProtocolHandler ["ajp-nio-8009"]
22-May-2017 20:30:15.725 INFO [main] org.apache.catalina.startup.VersionLoggerListener.log Server version:        Apache Tomcat/8.5.15
22-May-2017 20:30:15.728 INFO [main] org.apache.catalina.startup.VersionLoggerListener.log Server built:          May 5 2017 11:03:04 UTC
22-May-2017 20:30:15.729 INFO [main] org.apache.catalina.startup.VersionLoggerListener.log Server number:         8.5.15.0
22-May-2017 20:30:15.729 INFO [main] org.apache.catalina.startup.VersionLoggerListener.log OS Name:               Mac OS X
22-May-2017 20:30:15.729 INFO [main] org.apache.catalina.startup.VersionLoggerListener.log OS Version:            10.12.4
22-May-2017 20:30:15.729 INFO [main] org.apache.catalina.startup.VersionLoggerListener.log Architecture:          x86_64
22-May-2017 20:30:15.729 INFO [main] org.apache.catalina.startup.VersionLoggerListener.log Java Home:             /Library/Java/JavaVirtualMachines/jdk1.8.0_131.jdk/Contents/Home/jre
22-May-2017 20:30:15.729 INFO [main] org.apache.catalina.startup.VersionLoggerListener.log JVM Version:           1.8.0_131-b11
22-May-2017 20:30:15.730 INFO [main] org.apache.catalina.startup.VersionLoggerListener.log JVM Vendor:            Oracle Corporation
22-May-2017 20:30:15.730 INFO [main] org.apache.catalina.startup.VersionLoggerListener.log CATALINA_BASE:         /Users/zemian/src/mytomcat
22-May-2017 20:30:15.730 INFO [main] org.apache.catalina.startup.VersionLoggerListener.log CATALINA_HOME:         /Users/zemian/apps/apache-tomcat-8.5.15
22-May-2017 20:30:15.731 INFO [main] org.apache.catalina.startup.VersionLoggerListener.log Command line argument: -Djava.util.logging.config.file=/Users/zemian/src/mytomcat/conf/logging.properties
22-May-2017 20:30:15.731 INFO [main] org.apache.catalina.startup.VersionLoggerListener.log Command line argument: -Djava.util.logging.manager=org.apache.juli.ClassLoaderLogManager
22-May-2017 20:30:15.731 INFO [main] org.apache.catalina.startup.VersionLoggerListener.log Command line argument: -Djdk.tls.ephemeralDHKeySize=2048
22-May-2017 20:30:15.731 INFO [main] org.apache.catalina.startup.VersionLoggerListener.log Command line argument: -Djava.protocol.handler.pkgs=org.apache.catalina.webresources
22-May-2017 20:30:15.731 INFO [main] org.apache.catalina.startup.VersionLoggerListener.log Command line argument: -Dcatalina.base=/Users/zemian/src/mytomcat
22-May-2017 20:30:15.732 INFO [main] org.apache.catalina.startup.VersionLoggerListener.log Command line argument: -Dcatalina.home=/Users/zemian/apps/apache-tomcat
22-May-2017 20:30:15.732 INFO [main] org.apache.catalina.startup.VersionLoggerListener.log Command line argument: -Djava.io.tmpdir=/Users/zemian/src/mytomcat/temp
22-May-2017 20:30:15.732 INFO [main] org.apache.catalina.core.AprLifecycleListener.lifecycleEvent The APR based Apache Tomcat Native library which allows optimal performance in production environments was not found on the java.library.path: [/Users/zemian/Library/Java/Extensions:/Library/Java/Extensions:/Network/Library/Java/Extensions:/System/Library/Java/Extensions:/usr/lib/java:.]
22-May-2017 20:30:15.902 INFO [main] org.apache.coyote.AbstractProtocol.init Initializing ProtocolHandler ["http-nio-8080"]
22-May-2017 20:30:15.945 INFO [main] org.apache.tomcat.util.net.NioSelectorPool.getSharedSelector Using a shared selector for servlet write/read
22-May-2017 20:30:15.949 INFO [main] org.apache.coyote.AbstractProtocol.init Initializing ProtocolHandler ["ajp-nio-8009"]
22-May-2017 20:30:15.951 INFO [main] org.apache.tomcat.util.net.NioSelectorPool.getSharedSelector Using a shared selector for servlet write/read
22-May-2017 20:30:15.952 INFO [main] org.apache.catalina.startup.Catalina.load Initialization processed in 693 ms
22-May-2017 20:30:15.990 INFO [main] org.apache.catalina.core.StandardService.startInternal Starting service [Catalina]
22-May-2017 20:30:15.990 INFO [main] org.apache.catalina.core.StandardEngine.startInternal Starting Servlet Engine: Apache Tomcat/8.5.15
22-May-2017 20:30:16.000 INFO [localhost-startStop-1] org.apache.catalina.startup.HostConfig.deployDirectory Deploying web application directory [/Users/zemian/src/mytomcat/webapps/examples]
22-May-2017 20:30:16.678 INFO [localhost-startStop-1] org.apache.jasper.servlet.TldScanner.scanJars At least one JAR was scanned for TLDs yet contained no TLDs. Enable debug logging for this logger for a complete list of JARs that were scanned but no TLDs were found in them. Skipping unneeded JARs during scanning can improve startup time and JSP compilation time.
22-May-2017 20:30:16.871 INFO [localhost-startStop-1] org.apache.catalina.startup.HostConfig.deployDirectory Deployment of web application directory [/Users/zemian/src/mytomcat/webapps/examples] has finished in [870] ms
22-May-2017 20:30:16.872 INFO [localhost-startStop-1] org.apache.catalina.startup.HostConfig.deployDirectory Deploying web application directory [/Users/zemian/src/mytomcat/webapps/manager]
22-May-2017 20:30:17.052 INFO [localhost-startStop-1] org.apache.jasper.servlet.TldScanner.scanJars At least one JAR was scanned for TLDs yet contained no TLDs. Enable debug logging for this logger for a complete list of JARs that were scanned but no TLDs were found in them. Skipping unneeded JARs during scanning can improve startup time and JSP compilation time.
22-May-2017 20:30:17.058 INFO [localhost-startStop-1] org.apache.catalina.startup.HostConfig.deployDirectory Deployment of web application directory [/Users/zemian/src/mytomcat/webapps/manager] has finished in [187] ms
22-May-2017 20:30:17.059 INFO [localhost-startStop-1] org.apache.catalina.startup.HostConfig.deployDirectory Deploying web application directory [/Users/zemian/src/mytomcat/webapps/ROOT]
22-May-2017 20:30:17.212 INFO [localhost-startStop-1] org.apache.jasper.servlet.TldScanner.scanJars At least one JAR was scanned for TLDs yet contained no TLDs. Enable debug logging for this logger for a complete list of JARs that were scanned but no TLDs were found in them. Skipping unneeded JARs during scanning can improve startup time and JSP compilation time.
22-May-2017 20:30:17.215 INFO [localhost-startStop-1] org.apache.catalina.startup.HostConfig.deployDirectory Deployment of web application directory [/Users/zemian/src/mytomcat/webapps/ROOT] has finished in [156] ms
22-May-2017 20:30:17.219 INFO [main] org.apache.coyote.AbstractProtocol.start Starting ProtocolHandler ["http-nio-8080"]
22-May-2017 20:30:17.227 INFO [main] org.apache.coyote.AbstractProtocol.start Starting ProtocolHandler ["ajp-nio-8009"]
22-May-2017 20:30:17.229 INFO [main] org.apache.catalina.startup.Catalina.start Server startup in 1276 ms
22-May-2017 20:51:06.706 INFO [Thread-5] org.apache.coyote.AbstractProtocol.pause Pausing ProtocolHandler ["http-nio-8080"]
22-May-2017 20:51:06.715 INFO [Thread-5] org.apache.coyote.AbstractProtocol.pause Pausing ProtocolHandler ["ajp-nio-8009"]
22-May-2017 20:51:06.769 INFO [Thread-5] org.apache.catalina.core.StandardService.stopInternal Stopping service [Catalina]
22-May-2017 20:51:06.798 INFO [Thread-5] org.apache.coyote.AbstractProtocol.stop Stopping ProtocolHandler ["http-nio-8080"]
22-May-2017 20:51:06.802 INFO [Thread-5] org.apache.coyote.AbstractProtocol.stop Stopping ProtocolHandler ["ajp-nio-8009"]
22-May-2017 20:51:06.806 INFO [Thread-5] org.apache.coyote.AbstractProtocol.destroy Destroying ProtocolHandler ["http-nio-8080"]
22-May-2017 20:51:06.807 INFO [Thread-5] org.apache.coyote.AbstractProtocol.destroy Destroying ProtocolHandler ["ajp-nio-8009"]
