22-May-2017 18:37:14.171 INFO [localhost-startStop-1] org.apache.catalina.core.ApplicationContext.log ContextListener: contextInitialized()
22-May-2017 18:37:14.172 INFO [localhost-startStop-1] org.apache.catalina.core.ApplicationContext.log SessionListener: contextInitialized()
22-May-2017 18:38:35.777 INFO [http-nio-8080-exec-8] org.apache.catalina.core.ApplicationContext.log ContextListener: attributeAdded('org.apache.jasper.runtime.JspApplicationContextImpl', 'org.apache.jasper.runtime.JspApplicationContextImpl@334e6b98')
22-May-2017 18:38:35.786 INFO [http-nio-8080-exec-8] org.apache.catalina.core.ApplicationContext.log ContextListener: attributeAdded('org.apache.jasper.compiler.ELInterpreter', 'org.apache.jasper.compiler.ELInterpreterFactory$DefaultELInterpreter@39c1bca9')
22-May-2017 18:38:35.944 INFO [http-nio-8080-exec-8] org.apache.catalina.core.ApplicationContext.log SessionListener: sessionCreated('8680771338B74E1AA53B6E7A488013A5')
22-May-2017 19:50:00.327 INFO [ContainerBackgroundProcessor[StandardEngine[Catalina]]] org.apache.catalina.core.ApplicationContext.log SessionListener: sessionDestroyed('8680771338B74E1AA53B6E7A488013A5')
22-May-2017 19:50:11.782 INFO [http-nio-8080-exec-9] org.apache.catalina.core.ApplicationContext.log SessionListener: sessionCreated('F6B60E62C51E52690B999FCCEB9FEA30')
22-May-2017 19:50:34.599 INFO [localhost-startStop-2] org.apache.catalina.core.ApplicationContext.log SessionListener: contextDestroyed()
22-May-2017 19:50:34.599 INFO [localhost-startStop-2] org.apache.catalina.core.ApplicationContext.log ContextListener: contextDestroyed()
22-May-2017 19:54:30.525 INFO [localhost-startStop-1] org.apache.catalina.core.ApplicationContext.log ContextListener: contextInitialized()
22-May-2017 19:54:30.525 INFO [localhost-startStop-1] org.apache.catalina.core.ApplicationContext.log SessionListener: contextInitialized()
22-May-2017 20:20:06.425 INFO [http-nio-8080-exec-1] org.apache.catalina.core.ApplicationContext.log ContextListener: attributeAdded('org.apache.jasper.runtime.JspApplicationContextImpl', 'org.apache.jasper.runtime.JspApplicationContextImpl@79abf9ab')
22-May-2017 20:20:06.447 INFO [http-nio-8080-exec-1] org.apache.catalina.core.ApplicationContext.log ContextListener: attributeAdded('org.apache.jasper.compiler.ELInterpreter', 'org.apache.jasper.compiler.ELInterpreterFactory$DefaultELInterpreter@6c476214')
22-May-2017 20:20:45.004 INFO [localhost-startStop-2] org.apache.catalina.core.ApplicationContext.log SessionListener: contextDestroyed()
22-May-2017 20:20:45.004 INFO [localhost-startStop-2] org.apache.catalina.core.ApplicationContext.log ContextListener: contextDestroyed()
22-May-2017 20:30:16.749 INFO [localhost-startStop-1] org.apache.catalina.core.ApplicationContext.log ContextListener: contextInitialized()
22-May-2017 20:30:16.750 INFO [localhost-startStop-1] org.apache.catalina.core.ApplicationContext.log SessionListener: contextInitialized()
22-May-2017 20:30:28.367 INFO [http-nio-8080-exec-1] org.apache.catalina.core.ApplicationContext.log ContextListener: attributeAdded('org.apache.jasper.runtime.JspApplicationContextImpl', 'org.apache.jasper.runtime.JspApplicationContextImpl@343499f9')
22-May-2017 20:30:28.368 INFO [http-nio-8080-exec-1] org.apache.catalina.core.ApplicationContext.log SessionListener: sessionCreated('33F63E1B35286890EEC642565CA4E585')
22-May-2017 20:30:50.852 INFO [http-nio-8080-exec-4] org.apache.catalina.core.ApplicationContext.log ContextListener: attributeAdded('org.apache.jasper.compiler.ELInterpreter', 'org.apache.jasper.compiler.ELInterpreterFactory$DefaultELInterpreter@3f52cbe3')
22-May-2017 20:31:15.973 INFO [http-nio-8080-exec-6] org.apache.catalina.core.ApplicationContext.log SessionListener: attributeAdded('33F63E1B35286890EEC642565CA4E585', 'javax.servlet.jsp.jstl.fmt.request.charset', 'UTF-8')
22-May-2017 20:31:26.508 INFO [http-nio-8080-exec-7] org.apache.catalina.core.ApplicationContext.log SessionListener: attributeReplaced('33F63E1B35286890EEC642565CA4E585', 'javax.servlet.jsp.jstl.fmt.request.charset', 'UTF-8')
22-May-2017 20:31:27.226 INFO [http-nio-8080-exec-8] org.apache.catalina.core.ApplicationContext.log SessionListener: attributeReplaced('33F63E1B35286890EEC642565CA4E585', 'javax.servlet.jsp.jstl.fmt.request.charset', 'UTF-8')
22-May-2017 20:50:18.511 INFO [ContainerBackgroundProcessor[StandardEngine[Catalina]]] org.apache.catalina.core.ApplicationContext.log SessionListener: sessionDestroyed('F6B60E62C51E52690B999FCCEB9FEA30')
22-May-2017 20:51:06.790 INFO [localhost-startStop-2] org.apache.catalina.core.ApplicationContext.log SessionListener: contextDestroyed()
22-May-2017 20:51:06.790 INFO [localhost-startStop-2] org.apache.catalina.core.ApplicationContext.log ContextListener: contextDestroyed()
